#
# There is insufficient memory for the Java Runtime Environment to continue.
# Native memory allocation (malloc) failed to allocate 2097152 bytes for AllocateHeap
# Possible reasons:
#   The system is out of physical RAM or swap space
#   The process is running with CompressedOops enabled, and the Java Heap may be blocking the growth of the native heap
# Possible solutions:
#   Reduce memory load on the system
#   Increase physical memory or swap space
#   Check if swap backing store is full
#   Decrease Java heap size (-Xmx/-Xms)
#   Decrease number of Java threads
#   Decrease Java thread stack sizes (-Xss)
#   Set larger code cache with -XX:ReservedCodeCacheSize=
#   JVM is running with Unscaled Compressed Oops mode in which the Java heap is
#     placed in the first 4GB address space. The Java Heap base address is the
#     maximum limit for the native heap growth. Please use -XX:HeapBaseMinAddress
#     to set the Java Heap base and to place the Java Heap above 4GB virtual address.
# This output file may be truncated or incomplete.
#
#  Out of Memory Error (allocation.cpp:44), pid=2092, tid=24060
#
# JRE version: Java(TM) SE Runtime Environment (20.0+36) (build 20+36-2344)
# Java VM: Java HotSpot(TM) 64-Bit Server VM (20+36-2344, mixed mode, emulated-client, sharing, tiered, compressed oops, compressed class ptrs, g1 gc, windows-amd64)
# No core dump will be written. Minidumps are not enabled by default on client versions of Windows
#

---------------  S U M M A R Y ------------

Command Line: -XX:+HeapDumpOnOutOfMemoryError -Xmx1024m -Dsts.lsp.client=vscode -Dsts.log.file=/dev/null -XX:TieredStopAtLevel=1 -Xlog:jni+resolve=off -Dspring.config.location=file:c:\Users\Asus\.vscode\extensions\vmware.vscode-spring-boot-1.52.2023121605\language-server\BOOT-INF\classes\application.properties org.springframework.ide.vscode.boot.app.BootLanguageServerBootApp

Host: AMD Ryzen 3 3250U with Radeon Graphics         , 4 cores, 5G,  Windows 11 , 64 bit Build 26100 (10.0.26100.2454)
Time: Wed Jan  8 20:01:56 2025 India Standard Time elapsed time: 102.682733 seconds (0d 0h 1m 42s)

---------------  T H R E A D  ---------------

Current thread (0x00000237a3414430):  VMThread "VM Thread" [stack: 0x00000039a0800000,0x00000039a0900000] [id=24060]

Stack: [0x00000039a0800000,0x00000039a0900000]
Native frames: (J=compiled Java code, j=interpreted, Vv=VM code, C=native code)
V  [jvm.dll+0x6bb95a]
V  [jvm.dll+0x8483aa]
V  [jvm.dll+0x849fa5]
V  [jvm.dll+0x84a6a3]
V  [jvm.dll+0x280b0f]
V  [jvm.dll+0xbcec5]
V  [jvm.dll+0x3494fa]
V  [jvm.dll+0x3443de]
V  [jvm.dll+0x32af92]
V  [jvm.dll+0x3718d7]
V  [jvm.dll+0x84ffee]
V  [jvm.dll+0x851101]
V  [jvm.dll+0x851609]
V  [jvm.dll+0x851883]
V  [jvm.dll+0x7f4906]
V  [jvm.dll+0x6ba5cb]
C  [ucrtbase.dll+0x14ea0]
C  [KERNEL32.DLL+0x2e8d7]
C  [ntdll.dll+0xdfbcc]

VM_Operation (0x00000039a19fec90): G1CollectFull, mode: safepoint, requested by thread 0x00000237a8dfe030


---------------  P R O C E S S  ---------------

Threads class SMR info:
_java_thread_list=0x00000237a8d68b80, length=21, elements={
0x00000237a3437340, 0x00000237a3438b90, 0x00000237a343bda0, 0x00000237a343d8f0,
0x00000237a3442350, 0x00000237a3442c90, 0x00000237a34435d0, 0x00000237a78e9e40,
0x00000237a78f1150, 0x00000237a8d039d0, 0x00000237a8dfe030, 0x00000237a33f5730,
0x00000237942eae20, 0x00000237a33f6c70, 0x00000237a8eae060, 0x00000237a8eaf5a0,
0x00000237a8eafaf0, 0x00000237a8eb1030, 0x00000237a8eb0040, 0x00000237a8eb0590,
0x00000237a8eaeb00
}

Java Threads: ( => current thread )
  0x00000237a3437340 JavaThread "Reference Handler" daemon [_thread_blocked, id=6060, stack(0x00000039a0900000,0x00000039a0a00000)]
  0x00000237a3438b90 JavaThread "Finalizer" daemon [_thread_blocked, id=16412, stack(0x00000039a0a00000,0x00000039a0b00000)]
  0x00000237a343bda0 JavaThread "Signal Dispatcher" daemon [_thread_blocked, id=24112, stack(0x00000039a0b00000,0x00000039a0c00000)]
  0x00000237a343d8f0 JavaThread "Attach Listener" daemon [_thread_blocked, id=25772, stack(0x00000039a0c00000,0x00000039a0d00000)]
  0x00000237a3442350 JavaThread "Service Thread" daemon [_thread_blocked, id=13148, stack(0x00000039a0d00000,0x00000039a0e00000)]
  0x00000237a3442c90 JavaThread "Monitor Deflation Thread" daemon [_thread_blocked, id=17604, stack(0x00000039a0e00000,0x00000039a0f00000)]
  0x00000237a34435d0 JavaThread "C1 CompilerThread0" daemon [_thread_blocked, id=10404, stack(0x00000039a0f00000,0x00000039a1000000)]
  0x00000237a78e9e40 JavaThread "Notification Thread" daemon [_thread_blocked, id=12496, stack(0x00000039a1000000,0x00000039a1100000)]
  0x00000237a78f1150 JavaThread "Common-Cleaner" daemon [_thread_blocked, id=10176, stack(0x00000039a1200000,0x00000039a1300000)]
  0x00000237a8d039d0 JavaThread "boundedElastic-evictor-1" daemon [_thread_blocked, id=17460, stack(0x00000039a1800000,0x00000039a1900000)]
  0x00000237a8dfe030 JavaThread "pool-12-thread-1" [_thread_blocked, id=9744, stack(0x00000039a1900000,0x00000039a1a00000)]
  0x00000237a33f5730 JavaThread "LanguageServerApp-lifecycle" [_thread_blocked, id=25160, stack(0x00000039a1a00000,0x00000039a1b00000)]
  0x00000237942eae20 JavaThread "DestroyJavaVM" [_thread_blocked, id=23888, stack(0x00000039a0200000,0x00000039a0300000)]
  0x00000237a33f6c70 JavaThread "pool-13-thread-1" [_thread_in_native, id=5968, stack(0x00000039a1b00000,0x00000039a1c00000)]
  0x00000237a8eae060 JavaThread "Simple-Language-Server main thread" daemon [_thread_blocked, id=3164, stack(0x00000039a1c00000,0x00000039a1d00000)]
  0x00000237a8eaf5a0 JavaThread "pool-8-thread-1" [_thread_blocked, id=18380, stack(0x00000039a1d00000,0x00000039a1e00000)]
  0x00000237a8eafaf0 JavaThread "parallel-1" daemon [_thread_blocked, id=11024, stack(0x00000039a1e00000,0x00000039a1f00000)]
  0x00000237a8eb1030 JavaThread "parallel-2" daemon [_thread_blocked, id=16328, stack(0x00000039a1f00000,0x00000039a2000000)]
  0x00000237a8eb0040 JavaThread "parallel-3" daemon [_thread_blocked, id=15980, stack(0x00000039a2000000,0x00000039a2100000)]
  0x00000237a8eb0590 JavaThread "parallel-4" daemon [_thread_blocked, id=25096, stack(0x00000039a2100000,0x00000039a2200000)]
  0x00000237a8eaeb00 JavaThread "Reconciler-1" daemon [_thread_blocked, id=9852, stack(0x00000039a2200000,0x00000039a2300000)]

Other Threads:
=>0x00000237a3414430 VMThread "VM Thread" [stack: 0x00000039a0800000,0x00000039a0900000] [id=24060]
  0x00000237a78f0330 WatcherThread "VM Periodic Task Thread" [stack: 0x00000039a1100000,0x00000039a1200000] [id=14660]
  0x000002379432a1a0 WorkerThread "GC Thread#0" [stack: 0x00000039a0300000,0x00000039a0400000] [id=26028]
  0x00000237a7bfe8e0 WorkerThread "GC Thread#1" [stack: 0x00000039a1300000,0x00000039a1400000] [id=10416]
  0x00000237a7f97040 WorkerThread "GC Thread#2" [stack: 0x00000039a1400000,0x00000039a1500000] [id=22640]
  0x00000237a83f2860 WorkerThread "GC Thread#3" [stack: 0x00000039a1600000,0x00000039a1700000] [id=20512]
  0x00000237943340c0 ConcurrentGCThread "G1 Main Marker" [stack: 0x00000039a0400000,0x00000039a0500000] [id=9832]
  0x0000023794334af0 WorkerThread "G1 Conc#0" [stack: 0x00000039a0500000,0x00000039a0600000] [id=25088]
  0x000002379439d3c0 ConcurrentGCThread "G1 Refine#0" [stack: 0x00000039a0600000,0x00000039a0700000] [id=12072]
  0x000002379439de60 ConcurrentGCThread "G1 Service" [stack: 0x00000039a0700000,0x00000039a0800000] [id=15408]

Threads with active compile tasks:

VM state: at safepoint (normal execution)

VM Mutex/Monitor currently owned by a thread:  ([mutex/lock_event])
[0x00000237942e7e90] Threads_lock - owner thread: 0x00000237a3414430
[0x00000237942e80d0] Heap_lock - owner thread: 0x00000237a8dfe030

Heap address: 0x00000000c0000000, size: 1024 MB, Compressed Oops mode: 32-bit

CDS archive(s) mapped at: [0x0000000800000000-0x0000000800c60000-0x0000000800c60000), size 12976128, SharedBaseAddress: 0x0000000800000000, ArchiveRelocationMode: 0.
Compressed class space mapped at: 0x0000000801000000-0x0000000841000000, reserved size: 1073741824
Narrow klass base: 0x0000000800000000, Narrow klass shift: 0, Narrow klass range: 0x100000000

GC Precious Log:
 CardTable entry size: 512
 Card Set container configuration: InlinePtr #cards 5 size 8 Array Of Cards #cards 12 size 40 Howl #buckets 4 coarsen threshold 1843 Howl Bitmap #cards 512 size 80 coarsen threshold 460 Card regions per heap region 1 cards per card region 2048
 CPUs: 4 total, 4 available
 Memory: 6093M
 Large Page Support: Disabled
 NUMA Support: Disabled
 Compressed Oops: Enabled (32-bit)
 Heap Region Size: 1M
 Heap Min Capacity: 8M
 Heap Initial Capacity: 96M
 Heap Max Capacity: 1G
 Pre-touch: Disabled
 Parallel Workers: 4
 Concurrent Workers: 1
 Concurrent Refinement Workers: 4
 Periodic GC: Disabled

Heap:
 garbage-first heap   total 78848K, used 23436K [0x00000000c0000000, 0x0000000100000000)
  region size 1024K, 1 young (1024K), 0 survivors (0K)
 Metaspace       used 31222K, committed 32064K, reserved 1114112K
  class space    used 4214K, committed 4544K, reserved 1048576K

Heap Regions: E=young(eden), S=young(survivor), O=old, HS=humongous(starts), HC=humongous(continues), CS=collection set, F=free, OA=open archive, CA=closed archive, TAMS=top-at-mark-start, PB=parsable bottom
|   0|0x00000000c0000000, 0x00000000c0100000, 0x00000000c0100000|100%|HS|  |TAMS 0x00000000c0000000| PB 0x00000000c0000000| Untracked 
|   1|0x00000000c0100000, 0x00000000c0200000, 0x00000000c0200000|100%|HC|  |TAMS 0x00000000c0100000| PB 0x00000000c0100000| Untracked 
|   2|0x00000000c0200000, 0x00000000c0300000, 0x00000000c0300000|100%|HC|  |TAMS 0x00000000c0200000| PB 0x00000000c0200000| Untracked 
|   3|0x00000000c0300000, 0x00000000c0400000, 0x00000000c0400000|100%|HC|  |TAMS 0x00000000c0300000| PB 0x00000000c0300000| Untracked 
|   4|0x00000000c0400000, 0x00000000c04fff88, 0x00000000c0500000| 99%| O|  |TAMS 0x00000000c0400000| PB 0x00000000c0400000| Untracked 
|   5|0x00000000c0500000, 0x00000000c0600000, 0x00000000c0600000|100%| O|  |TAMS 0x00000000c0500000| PB 0x00000000c0500000| Untracked 
|   6|0x00000000c0600000, 0x00000000c0700000, 0x00000000c0700000|100%| O|  |TAMS 0x00000000c0600000| PB 0x00000000c0600000| Untracked 
|   7|0x00000000c0700000, 0x00000000c0800000, 0x00000000c0800000|100%| O|  |TAMS 0x00000000c0700000| PB 0x00000000c0700000| Untracked 
|   8|0x00000000c0800000, 0x00000000c0900000, 0x00000000c0900000|100%| O|  |TAMS 0x00000000c0800000| PB 0x00000000c0800000| Untracked 
|   9|0x00000000c0900000, 0x00000000c09fffe0, 0x00000000c0a00000| 99%| O|  |TAMS 0x00000000c0900000| PB 0x00000000c0900000| Untracked 
|  10|0x00000000c0a00000, 0x00000000c0afca58, 0x00000000c0b00000| 98%| O|  |TAMS 0x00000000c0a00000| PB 0x00000000c0a00000| Untracked 
|  11|0x00000000c0b00000, 0x00000000c0bffff8, 0x00000000c0c00000| 99%| O|  |TAMS 0x00000000c0b00000| PB 0x00000000c0b00000| Untracked 
|  12|0x00000000c0c00000, 0x00000000c0d00000, 0x00000000c0d00000|100%| O|  |TAMS 0x00000000c0c00000| PB 0x00000000c0c00000| Untracked 
|  13|0x00000000c0d00000, 0x00000000c0e00000, 0x00000000c0e00000|100%| O|  |TAMS 0x00000000c0d00000| PB 0x00000000c0d00000| Untracked 
|  14|0x00000000c0e00000, 0x00000000c0efffe8, 0x00000000c0f00000| 99%| O|  |TAMS 0x00000000c0e00000| PB 0x00000000c0e00000| Untracked 
|  15|0x00000000c0f00000, 0x00000000c0fffff8, 0x00000000c1000000| 99%| O|  |TAMS 0x00000000c0f00000| PB 0x00000000c0f00000| Untracked 
|  16|0x00000000c1000000, 0x00000000c10fffb0, 0x00000000c1100000| 99%| O|  |TAMS 0x00000000c1000000| PB 0x00000000c1000000| Untracked 
|  17|0x00000000c1100000, 0x00000000c11fffd0, 0x00000000c1200000| 99%| O|  |TAMS 0x00000000c1100000| PB 0x00000000c1100000| Untracked 
|  18|0x00000000c1200000, 0x00000000c12ffff0, 0x00000000c1300000| 99%| O|  |TAMS 0x00000000c1200000| PB 0x00000000c1200000| Untracked 
|  19|0x00000000c1300000, 0x00000000c13fffe0, 0x00000000c1400000| 99%| O|  |TAMS 0x00000000c1300000| PB 0x00000000c1300000| Untracked 
|  20|0x00000000c1400000, 0x00000000c14ffff8, 0x00000000c1500000| 99%| O|  |TAMS 0x00000000c1400000| PB 0x00000000c1400000| Untracked 
|  21|0x00000000c1500000, 0x00000000c15fffe0, 0x00000000c1600000| 99%| O|  |TAMS 0x00000000c1500000| PB 0x00000000c1500000| Untracked 
|  22|0x00000000c1600000, 0x00000000c16c06d0, 0x00000000c1700000| 75%| O|  |TAMS 0x00000000c1600000| PB 0x00000000c1600000| Untracked 
|  23|0x00000000c1700000, 0x00000000c17262c8, 0x00000000c1800000| 14%| O|  |TAMS 0x00000000c1700000| PB 0x00000000c1700000| Untracked 
|  24|0x00000000c1800000, 0x00000000c1800000, 0x00000000c1900000|  0%| F|  |TAMS 0x00000000c1800000| PB 0x00000000c1800000| Untracked 
|  25|0x00000000c1900000, 0x00000000c1900000, 0x00000000c1a00000|  0%| F|  |TAMS 0x00000000c1900000| PB 0x00000000c1900000| Untracked 
|  26|0x00000000c1a00000, 0x00000000c1a00000, 0x00000000c1b00000|  0%| F|  |TAMS 0x00000000c1a00000| PB 0x00000000c1a00000| Untracked 
|  27|0x00000000c1b00000, 0x00000000c1b00000, 0x00000000c1c00000|  0%| F|  |TAMS 0x00000000c1b00000| PB 0x00000000c1b00000| Untracked 
|  28|0x00000000c1c00000, 0x00000000c1c00000, 0x00000000c1d00000|  0%| F|  |TAMS 0x00000000c1c00000| PB 0x00000000c1c00000| Untracked 
|  29|0x00000000c1d00000, 0x00000000c1d00000, 0x00000000c1e00000|  0%| F|  |TAMS 0x00000000c1d00000| PB 0x00000000c1d00000| Untracked 
|  30|0x00000000c1e00000, 0x00000000c1e00000, 0x00000000c1f00000|  0%| F|  |TAMS 0x00000000c1e00000| PB 0x00000000c1e00000| Untracked 
|  31|0x00000000c1f00000, 0x00000000c1f00000, 0x00000000c2000000|  0%| F|  |TAMS 0x00000000c1f00000| PB 0x00000000c1f00000| Untracked 
|  32|0x00000000c2000000, 0x00000000c2000000, 0x00000000c2100000|  0%| F|  |TAMS 0x00000000c2000000| PB 0x00000000c2000000| Untracked 
|  33|0x00000000c2100000, 0x00000000c2100000, 0x00000000c2200000|  0%| F|  |TAMS 0x00000000c2100000| PB 0x00000000c2100000| Untracked 
|  34|0x00000000c2200000, 0x00000000c2200000, 0x00000000c2300000|  0%| F|  |TAMS 0x00000000c2200000| PB 0x00000000c2200000| Untracked 
|  35|0x00000000c2300000, 0x00000000c2300000, 0x00000000c2400000|  0%| F|  |TAMS 0x00000000c2300000| PB 0x00000000c2300000| Untracked 
|  36|0x00000000c2400000, 0x00000000c2400000, 0x00000000c2500000|  0%| F|  |TAMS 0x00000000c2400000| PB 0x00000000c2400000| Untracked 
|  37|0x00000000c2500000, 0x00000000c2500000, 0x00000000c2600000|  0%| F|  |TAMS 0x00000000c2500000| PB 0x00000000c2500000| Untracked 
|  38|0x00000000c2600000, 0x00000000c2600000, 0x00000000c2700000|  0%| F|  |TAMS 0x00000000c2600000| PB 0x00000000c2600000| Untracked 
|  39|0x00000000c2700000, 0x00000000c2700000, 0x00000000c2800000|  0%| F|  |TAMS 0x00000000c2700000| PB 0x00000000c2700000| Untracked 
|  40|0x00000000c2800000, 0x00000000c2800000, 0x00000000c2900000|  0%| F|  |TAMS 0x00000000c2800000| PB 0x00000000c2800000| Untracked 
|  41|0x00000000c2900000, 0x00000000c2900000, 0x00000000c2a00000|  0%| F|  |TAMS 0x00000000c2900000| PB 0x00000000c2900000| Untracked 
|  42|0x00000000c2a00000, 0x00000000c2a00000, 0x00000000c2b00000|  0%| F|  |TAMS 0x00000000c2a00000| PB 0x00000000c2a00000| Untracked 
|  43|0x00000000c2b00000, 0x00000000c2b00000, 0x00000000c2c00000|  0%| F|  |TAMS 0x00000000c2b00000| PB 0x00000000c2b00000| Untracked 
|  44|0x00000000c2c00000, 0x00000000c2c00000, 0x00000000c2d00000|  0%| F|  |TAMS 0x00000000c2c00000| PB 0x00000000c2c00000| Untracked 
|  45|0x00000000c2d00000, 0x00000000c2d00000, 0x00000000c2e00000|  0%| F|  |TAMS 0x00000000c2d00000| PB 0x00000000c2d00000| Untracked 
|  46|0x00000000c2e00000, 0x00000000c2e00000, 0x00000000c2f00000|  0%| F|  |TAMS 0x00000000c2e00000| PB 0x00000000c2e00000| Untracked 
|  47|0x00000000c2f00000, 0x00000000c2f00000, 0x00000000c3000000|  0%| F|  |TAMS 0x00000000c2f00000| PB 0x00000000c2f00000| Untracked 
|  48|0x00000000c3000000, 0x00000000c3000000, 0x00000000c3100000|  0%| F|  |TAMS 0x00000000c3000000| PB 0x00000000c3000000| Untracked 
|  49|0x00000000c3100000, 0x00000000c3100000, 0x00000000c3200000|  0%| F|  |TAMS 0x00000000c3100000| PB 0x00000000c3100000| Untracked 
|  50|0x00000000c3200000, 0x00000000c3200000, 0x00000000c3300000|  0%| F|  |TAMS 0x00000000c3200000| PB 0x00000000c3200000| Untracked 
|  51|0x00000000c3300000, 0x00000000c3300000, 0x00000000c3400000|  0%| F|  |TAMS 0x00000000c3300000| PB 0x00000000c3300000| Untracked 
|  52|0x00000000c3400000, 0x00000000c3400000, 0x00000000c3500000|  0%| F|  |TAMS 0x00000000c3400000| PB 0x00000000c3400000| Untracked 
|  53|0x00000000c3500000, 0x00000000c3500000, 0x00000000c3600000|  0%| F|  |TAMS 0x00000000c3500000| PB 0x00000000c3500000| Untracked 
|  54|0x00000000c3600000, 0x00000000c3600000, 0x00000000c3700000|  0%| F|  |TAMS 0x00000000c3600000| PB 0x00000000c3600000| Untracked 
|  55|0x00000000c3700000, 0x00000000c3700000, 0x00000000c3800000|  0%| F|  |TAMS 0x00000000c3700000| PB 0x00000000c3700000| Untracked 
|  56|0x00000000c3800000, 0x00000000c3800000, 0x00000000c3900000|  0%| F|  |TAMS 0x00000000c3800000| PB 0x00000000c3800000| Untracked 
|  57|0x00000000c3900000, 0x00000000c3900000, 0x00000000c3a00000|  0%| F|  |TAMS 0x00000000c3900000| PB 0x00000000c3900000| Untracked 
|  58|0x00000000c3a00000, 0x00000000c3a00000, 0x00000000c3b00000|  0%| F|  |TAMS 0x00000000c3a00000| PB 0x00000000c3a00000| Untracked 
|  59|0x00000000c3b00000, 0x00000000c3b00000, 0x00000000c3c00000|  0%| F|  |TAMS 0x00000000c3b00000| PB 0x00000000c3b00000| Untracked 
|  60|0x00000000c3c00000, 0x00000000c3c00000, 0x00000000c3d00000|  0%| F|  |TAMS 0x00000000c3c00000| PB 0x00000000c3c00000| Untracked 
|  61|0x00000000c3d00000, 0x00000000c3d00000, 0x00000000c3e00000|  0%| F|  |TAMS 0x00000000c3d00000| PB 0x00000000c3d00000| Untracked 
|  62|0x00000000c3e00000, 0x00000000c3e00000, 0x00000000c3f00000|  0%| F|  |TAMS 0x00000000c3e00000| PB 0x00000000c3e00000| Untracked 
|  63|0x00000000c3f00000, 0x00000000c3f00000, 0x00000000c4000000|  0%| F|  |TAMS 0x00000000c3f00000| PB 0x00000000c3f00000| Untracked 
|  64|0x00000000c4000000, 0x00000000c4000000, 0x00000000c4100000|  0%| F|  |TAMS 0x00000000c4000000| PB 0x00000000c4000000| Untracked 
|  65|0x00000000c4100000, 0x00000000c4100000, 0x00000000c4200000|  0%| F|  |TAMS 0x00000000c4100000| PB 0x00000000c4100000| Untracked 
|  66|0x00000000c4200000, 0x00000000c4200000, 0x00000000c4300000|  0%| F|  |TAMS 0x00000000c4200000| PB 0x00000000c4200000| Untracked 
|  67|0x00000000c4300000, 0x00000000c4300000, 0x00000000c4400000|  0%| F|  |TAMS 0x00000000c4300000| PB 0x00000000c4300000| Untracked 
|  68|0x00000000c4400000, 0x00000000c4400000, 0x00000000c4500000|  0%| F|  |TAMS 0x00000000c4400000| PB 0x00000000c4400000| Untracked 
|  69|0x00000000c4500000, 0x00000000c4500000, 0x00000000c4600000|  0%| F|  |TAMS 0x00000000c4500000| PB 0x00000000c4500000| Untracked 
|  70|0x00000000c4600000, 0x00000000c4600000, 0x00000000c4700000|  0%| F|  |TAMS 0x00000000c4600000| PB 0x00000000c4600000| Untracked 
|  71|0x00000000c4700000, 0x00000000c4700000, 0x00000000c4800000|  0%| F|  |TAMS 0x00000000c4700000| PB 0x00000000c4700000| Untracked 
|  72|0x00000000c4800000, 0x00000000c4800000, 0x00000000c4900000|  0%| F|  |TAMS 0x00000000c4800000| PB 0x00000000c4800000| Untracked 
|  73|0x00000000c4900000, 0x00000000c4900000, 0x00000000c4a00000|  0%| F|  |TAMS 0x00000000c4900000| PB 0x00000000c4900000| Untracked 
|  74|0x00000000c4a00000, 0x00000000c4a00000, 0x00000000c4b00000|  0%| F|  |TAMS 0x00000000c4a00000| PB 0x00000000c4a00000| Untracked 
|  75|0x00000000c4b00000, 0x00000000c4b00000, 0x00000000c4c00000|  0%| F|  |TAMS 0x00000000c4b00000| PB 0x00000000c4b00000| Untracked 
|  95|0x00000000c5f00000, 0x00000000c5f29208, 0x00000000c6000000| 16%| E|  |TAMS 0x00000000c5f00000| PB 0x00000000c5f00000| Complete 

Card table byte_map: [0x000002379fa50000,0x000002379fc50000] _byte_map_base: 0x000002379f450000

Marking Bits: (CMBitMap*) 0x000002379432b7e0
 Bits: [0x000002379fe50000, 0x00000237a0e50000)

Polling page: 0x00000237928f0000

Metaspace:

Usage:
  Non-class:     26.37 MB used.
      Class:      4.12 MB used.
       Both:     30.49 MB used.

Virtual space:
  Non-class space:       64.00 MB reserved,      26.88 MB ( 42%) committed,  1 nodes.
      Class space:        1.00 GB reserved,       4.44 MB ( <1%) committed,  1 nodes.
             Both:        1.06 GB reserved,      31.31 MB (  3%) committed. 

Chunk freelists:
   Non-Class:  490.00 KB
       Class:  3.65 MB
        Both:  4.13 MB

MaxMetaspaceSize: unlimited
CompressedClassSpaceSize: 1.00 GB
Initial GC threshold: 21.00 MB
Current GC threshold: 52.19 MB
CDS: on
MetaspaceReclaimPolicy: balanced
 - commit_granule_bytes: 65536.
 - commit_granule_words: 8192.
 - virtual_space_node_default_size: 8388608.
 - enlarge_chunks_in_place: 1.
 - new_chunks_are_fully_committed: 0.
 - uncommit_free_chunks: 1.
 - use_allocation_guard: 0.


Internal statistics:

num_allocs_failed_limit: 3.
num_arena_births: 776.
num_arena_deaths: 190.
num_vsnodes_births: 2.
num_vsnodes_deaths: 0.
num_space_committed: 501.
num_space_uncommitted: 0.
num_chunks_returned_to_freelist: 213.
num_chunks_taken_from_freelist: 2020.
num_chunk_merges: 47.
num_chunk_splits: 1331.
num_chunks_enlarged: 918.
num_inconsistent_stats: 0.

CodeCache: size=49152Kb used=6999Kb max_used=8272Kb free=42152Kb
 bounds [0x000002379c410000, 0x000002379cc30000, 0x000002379f410000]
 total_blobs=4243 nmethods=3688 adapters=480
 compilation: enabled
              stopped_count=0, restarted_count=0
 full_count=0

Compilation events (20 events):
Event: 32.645 Thread 0x00000237a8b548a0 3737       1       java.io.StringWriter::append (6 bytes)
Event: 32.645 Thread 0x00000237a34435d0 3738       1       java.io.StringWriter::append (10 bytes)
Event: 32.645 Thread 0x00000237a8b548a0 nmethod 3737 0x000002379cc21590 code [0x000002379cc21740, 0x000002379cc219a8]
Event: 32.645 Thread 0x00000237a34435d0 nmethod 3738 0x000002379cc21b10 code [0x000002379cc21cc0, 0x000002379cc21f18]
Event: 32.646 Thread 0x00000237a8796540 3739       1       java.util.Arrays$ArrayList::iterator (12 bytes)
Event: 32.646 Thread 0x00000237a8b548a0 3740       1       java.util.Arrays$ArrayItr::<init> (10 bytes)
Event: 32.646 Thread 0x00000237a8796540 nmethod 3739 0x000002379cc22090 code [0x000002379cc22220, 0x000002379cc22398]
Event: 32.646 Thread 0x00000237a8b548a0 nmethod 3740 0x000002379cc22410 code [0x000002379cc225a0, 0x000002379cc226b8]
Event: 32.650 Thread 0x00000237a34435d0 3741       1       com.google.gson.stream.JsonWriter::beforeName (47 bytes)
Event: 32.651 Thread 0x00000237a34435d0 nmethod 3741 0x000002379cc22710 code [0x000002379cc228e0, 0x000002379cc22bb0]
Event: 32.715 Thread 0x00000237a34435d0 3742       1       com.google.gson.stream.JsonReader::setLenient (6 bytes)
Event: 32.715 Thread 0x00000237a34435d0 nmethod 3742 0x000002379cc22d90 code [0x000002379cc22f00, 0x000002379cc22fd0]
Event: 33.105 Thread 0x00000237a8b548a0 3743       1       reactor.core.publisher.InternalMonoOperator::nextOptimizableSource (5 bytes)
Event: 33.105 Thread 0x00000237a8b548a0 nmethod 3743 0x000002379cc23090 code [0x000002379cc23200, 0x000002379cc232c8]
Event: 33.392 Thread 0x00000237a8796540 3745       1       java.net.URI$Parser::checkChars (44 bytes)
Event: 33.393 Thread 0x00000237a8796540 nmethod 3745 0x000002379cc23690 code [0x000002379cc23860, 0x000002379cc23bb0]
Event: 33.439 Thread 0x00000237a34435d0 3746       1       java.net.URI::getScheme (5 bytes)
Event: 33.439 Thread 0x00000237a34435d0 nmethod 3746 0x000002379cc23e10 code [0x000002379cc23f80, 0x000002379cc24048]
Event: 71.034 Thread 0x00000237a34435d0 3748       1       java.lang.invoke.MethodType::invokerType (9 bytes)
Event: 71.035 Thread 0x00000237a34435d0 nmethod 3748 0x000002379c97e610 code [0x000002379c97e7a0, 0x000002379c97e888]

GC Heap History (19 events):
Event: 9.378 GC heap before
{Heap before GC invocations=0 (full 0):
 garbage-first heap   total 98304K, used 16384K [0x00000000c0000000, 0x0000000100000000)
  region size 1024K, 13 young (13312K), 0 survivors (0K)
 Metaspace       used 453K, committed 640K, reserved 1114112K
  class space    used 46K, committed 128K, reserved 1048576K
}
Event: 9.468 GC heap after
{Heap after GC invocations=1 (full 0):
 garbage-first heap   total 98304K, used 12156K [0x00000000c0000000, 0x0000000100000000)
  region size 1024K, 2 young (2048K), 2 survivors (2048K)
 Metaspace       used 453K, committed 640K, reserved 1114112K
  class space    used 46K, committed 128K, reserved 1048576K
}
Event: 14.236 GC heap before
{Heap before GC invocations=1 (full 0):
 garbage-first heap   total 98304K, used 20348K [0x00000000c0000000, 0x0000000100000000)
  region size 1024K, 10 young (10240K), 2 survivors (2048K)
 Metaspace       used 2658K, committed 2816K, reserved 1114112K
  class space    used 328K, committed 384K, reserved 1048576K
}
Event: 14.240 GC heap after
{Heap after GC invocations=2 (full 0):
 garbage-first heap   total 98304K, used 13794K [0x00000000c0000000, 0x0000000100000000)
  region size 1024K, 2 young (2048K), 2 survivors (2048K)
 Metaspace       used 2658K, committed 2816K, reserved 1114112K
  class space    used 328K, committed 384K, reserved 1048576K
}
Event: 15.935 GC heap before
{Heap before GC invocations=2 (full 0):
 garbage-first heap   total 98304K, used 30178K [0x00000000c0000000, 0x0000000100000000)
  region size 1024K, 18 young (18432K), 2 survivors (2048K)
 Metaspace       used 6258K, committed 6400K, reserved 1114112K
  class space    used 904K, committed 960K, reserved 1048576K
}
Event: 15.940 GC heap after
{Heap after GC invocations=3 (full 0):
 garbage-first heap   total 98304K, used 15216K [0x00000000c0000000, 0x0000000100000000)
  region size 1024K, 2 young (2048K), 2 survivors (2048K)
 Metaspace       used 6258K, committed 6400K, reserved 1114112K
  class space    used 904K, committed 960K, reserved 1048576K
}
Event: 24.547 GC heap before
{Heap before GC invocations=3 (full 0):
 garbage-first heap   total 98304K, used 69488K [0x00000000c0000000, 0x0000000100000000)
  region size 1024K, 56 young (57344K), 2 survivors (2048K)
 Metaspace       used 18981K, committed 19264K, reserved 1114112K
  class space    used 2428K, committed 2560K, reserved 1048576K
}
Event: 24.564 GC heap after
{Heap after GC invocations=4 (full 0):
 garbage-first heap   total 98304K, used 20905K [0x00000000c0000000, 0x0000000100000000)
  region size 1024K, 7 young (7168K), 7 survivors (7168K)
 Metaspace       used 18981K, committed 19264K, reserved 1114112K
  class space    used 2428K, committed 2560K, reserved 1048576K
}
Event: 27.137 GC heap before
{Heap before GC invocations=4 (full 0):
 garbage-first heap   total 98304K, used 40361K [0x00000000c0000000, 0x0000000100000000)
  region size 1024K, 27 young (27648K), 7 survivors (7168K)
 Metaspace       used 21215K, committed 21504K, reserved 1114112K
  class space    used 2721K, committed 2880K, reserved 1048576K
}
Event: 27.158 GC heap after
{Heap after GC invocations=5 (full 0):
 garbage-first heap   total 98304K, used 22528K [0x00000000c0000000, 0x0000000100000000)
  region size 1024K, 2 young (2048K), 2 survivors (2048K)
 Metaspace       used 21215K, committed 21504K, reserved 1114112K
  class space    used 2721K, committed 2880K, reserved 1048576K
}
Event: 30.853 GC heap before
{Heap before GC invocations=6 (full 0):
 garbage-first heap   total 78848K, used 67584K [0x00000000c0000000, 0x0000000100000000)
  region size 1024K, 46 young (47104K), 2 survivors (2048K)
 Metaspace       used 28503K, committed 29056K, reserved 1114112K
  class space    used 3782K, committed 4032K, reserved 1048576K
}
Event: 30.870 GC heap after
{Heap after GC invocations=7 (full 0):
 garbage-first heap   total 78848K, used 26593K [0x00000000c0000000, 0x0000000100000000)
  region size 1024K, 6 young (6144K), 6 survivors (6144K)
 Metaspace       used 28503K, committed 29056K, reserved 1114112K
  class space    used 3782K, committed 4032K, reserved 1048576K
}
Event: 71.315 GC heap before
{Heap before GC invocations=7 (full 0):
 garbage-first heap   total 78848K, used 45025K [0x00000000c0000000, 0x0000000100000000)
  region size 1024K, 25 young (25600K), 6 survivors (6144K)
 Metaspace       used 31395K, committed 32064K, reserved 1114112K
  class space    used 4261K, committed 4544K, reserved 1048576K
}
Event: 71.379 GC heap after
{Heap after GC invocations=8 (full 1):
 garbage-first heap   total 78848K, used 26205K [0x00000000c0000000, 0x0000000100000000)
  region size 1024K, 0 young (0K), 0 survivors (0K)
 Metaspace       used 31395K, committed 32064K, reserved 1114112K
  class space    used 4261K, committed 4544K, reserved 1048576K
}
Event: 81.712 GC heap before
{Heap before GC invocations=8 (full 1):
 garbage-first heap   total 78848K, used 26205K [0x00000000c0000000, 0x0000000100000000)
  region size 1024K, 1 young (1024K), 0 survivors (0K)
 Metaspace       used 31395K, committed 32064K, reserved 1114112K
  class space    used 4261K, committed 4544K, reserved 1048576K
}
Event: 81.762 GC heap after
{Heap after GC invocations=9 (full 2):
 garbage-first heap   total 78848K, used 25195K [0x00000000c0000000, 0x0000000100000000)
  region size 1024K, 0 young (0K), 0 survivors (0K)
 Metaspace       used 31372K, committed 32064K, reserved 1114112K
  class space    used 4254K, committed 4544K, reserved 1048576K
}
Event: 92.205 GC heap before
{Heap before GC invocations=9 (full 2):
 garbage-first heap   total 78848K, used 25195K [0x00000000c0000000, 0x0000000100000000)
  region size 1024K, 1 young (1024K), 0 survivors (0K)
 Metaspace       used 31372K, committed 32064K, reserved 1114112K
  class space    used 4254K, committed 4544K, reserved 1048576K
}
Event: 92.259 GC heap after
{Heap after GC invocations=10 (full 3):
 garbage-first heap   total 78848K, used 23436K [0x00000000c0000000, 0x0000000100000000)
  region size 1024K, 0 young (0K), 0 survivors (0K)
 Metaspace       used 31222K, committed 32064K, reserved 1114112K
  class space    used 4214K, committed 4544K, reserved 1048576K
}
Event: 102.613 GC heap before
{Heap before GC invocations=10 (full 3):
 garbage-first heap   total 78848K, used 23436K [0x00000000c0000000, 0x0000000100000000)
  region size 1024K, 1 young (1024K), 0 survivors (0K)
 Metaspace       used 31222K, committed 32064K, reserved 1114112K
  class space    used 4214K, committed 4544K, reserved 1048576K
}

Dll operation events (9 events):
Event: 0.091 Loaded shared library C:\Program Files\Java\jdk-20\bin\java.dll
Event: 0.384 Loaded shared library C:\Program Files\Java\jdk-20\bin\jsvml.dll
Event: 7.287 Loaded shared library C:\Program Files\Java\jdk-20\bin\net.dll
Event: 7.292 Loaded shared library C:\Program Files\Java\jdk-20\bin\nio.dll
Event: 7.307 Loaded shared library C:\Program Files\Java\jdk-20\bin\zip.dll
Event: 9.287 Loaded shared library C:\Program Files\Java\jdk-20\bin\jimage.dll
Event: 29.167 Loaded shared library C:\Program Files\Java\jdk-20\bin\verify.dll
Event: 31.288 Loaded shared library C:\Program Files\Java\jdk-20\bin\management.dll
Event: 31.303 Loaded shared library C:\Program Files\Java\jdk-20\bin\management_ext.dll

Deoptimization events (6 events):
Event: 24.538 Thread 0x00000237942eae20 DEOPT PACKING pc=0x000002379c65e079 sp=0x00000039a02fd2c0
Event: 24.538 Thread 0x00000237942eae20 DEOPT UNPACKING pc=0x000002379c47a4c2 sp=0x00000039a02fc7a0 mode 3
Event: 26.762 Thread 0x00000237942eae20 DEOPT PACKING pc=0x000002379c9c0b5d sp=0x00000039a02fe850
Event: 26.763 Thread 0x00000237942eae20 DEOPT UNPACKING pc=0x000002379c47a4c2 sp=0x00000039a02fdcf8 mode 3
Event: 32.571 Thread 0x00000237a8eae060 DEOPT PACKING pc=0x000002379cc0bbce sp=0x00000039a1cfdb10
Event: 32.571 Thread 0x00000237a8eae060 DEOPT UNPACKING pc=0x000002379c47a4c2 sp=0x00000039a1cfd028 mode 3

Classes loaded (20 events):
Event: 32.578 Loading class java/util/stream/Streams$2
Event: 32.578 Loading class java/util/stream/Streams$2 done
Event: 33.355 Loading class java/util/concurrent/atomic/AtomicLongFieldUpdater
Event: 33.356 Loading class java/util/concurrent/atomic/AtomicLongFieldUpdater done
Event: 33.356 Loading class java/util/concurrent/atomic/AtomicLongFieldUpdater$CASUpdater
Event: 33.356 Loading class java/util/concurrent/atomic/AtomicLongFieldUpdater$CASUpdater done
Event: 33.356 Loading class java/util/concurrent/atomic/AtomicLongFieldUpdater$CASUpdater$1
Event: 33.356 Loading class java/util/concurrent/atomic/AtomicLongFieldUpdater$CASUpdater$1 done
Event: 70.998 Loading class java/lang/ProcessBuilder
Event: 70.999 Loading class java/lang/ProcessBuilder done
Event: 70.999 Loading class java/lang/ProcessImpl
Event: 71.000 Loading class java/lang/ProcessImpl done
Event: 71.035 Loading class java/lang/ProcessImpl$2
Event: 71.035 Loading class java/lang/ProcessImpl$2 done
Event: 71.035 Loading class java/lang/Process$PipeInputStream
Event: 71.036 Loading class java/lang/Process$PipeInputStream done
Event: 71.037 Loading class jdk/internal/event/ProcessStartEvent
Event: 71.037 Loading class jdk/internal/event/ProcessStartEvent done
Event: 71.315 Loading class java/io/FileOutputStream$1
Event: 71.315 Loading class java/io/FileOutputStream$1 done

Classes unloaded (20 events):
Event: 92.228 Thread 0x00000237a3414430 Unloading class 0x0000000801311c00 'java/lang/invoke/LambdaForm$MH+0x0000000801311c00'
Event: 92.228 Thread 0x00000237a3414430 Unloading class 0x0000000801309c00 'java/lang/invoke/LambdaForm$MH+0x0000000801309c00'
Event: 92.228 Thread 0x00000237a3414430 Unloading class 0x0000000801308c00 'java/lang/invoke/LambdaForm$MH+0x0000000801308c00'
Event: 92.228 Thread 0x00000237a3414430 Unloading class 0x0000000801308800 'java/lang/invoke/LambdaForm$MH+0x0000000801308800'
Event: 92.228 Thread 0x00000237a3414430 Unloading class 0x0000000801302800 'java/lang/invoke/LambdaForm$MH+0x0000000801302800'
Event: 92.228 Thread 0x00000237a3414430 Unloading class 0x00000008012ff800 'java/lang/invoke/LambdaForm$MH+0x00000008012ff800'
Event: 92.228 Thread 0x00000237a3414430 Unloading class 0x00000008012ff400 'java/lang/invoke/LambdaForm$MH+0x00000008012ff400'
Event: 92.228 Thread 0x00000237a3414430 Unloading class 0x00000008012fd400 'java/lang/invoke/LambdaForm$DMH+0x00000008012fd400'
Event: 92.228 Thread 0x00000237a3414430 Unloading class 0x00000008012fcc00 'java/lang/invoke/LambdaForm$DMH+0x00000008012fcc00'
Event: 92.228 Thread 0x00000237a3414430 Unloading class 0x00000008012fc400 'java/lang/invoke/LambdaForm$DMH+0x00000008012fc400'
Event: 92.228 Thread 0x00000237a3414430 Unloading class 0x00000008012fb400 'java/lang/invoke/LambdaForm$MH+0x00000008012fb400'
Event: 92.228 Thread 0x00000237a3414430 Unloading class 0x00000008012f9c00 'java/lang/invoke/LambdaForm$MH+0x00000008012f9c00'
Event: 92.228 Thread 0x00000237a3414430 Unloading class 0x00000008012f9800 'java/lang/invoke/LambdaForm$MH+0x00000008012f9800'
Event: 92.228 Thread 0x00000237a3414430 Unloading class 0x00000008012f9400 'java/lang/invoke/LambdaForm$MH+0x00000008012f9400'
Event: 92.228 Thread 0x00000237a3414430 Unloading class 0x00000008012f9000 'java/lang/invoke/LambdaForm$MH+0x00000008012f9000'
Event: 92.228 Thread 0x00000237a3414430 Unloading class 0x00000008012f8000 'java/lang/invoke/LambdaForm$DMH+0x00000008012f8000'
Event: 92.228 Thread 0x00000237a3414430 Unloading class 0x000000080118d800 'java/lang/invoke/LambdaForm$MH+0x000000080118d800'
Event: 92.228 Thread 0x00000237a3414430 Unloading class 0x0000000801019c00 'java/lang/invoke/LambdaForm$MH+0x0000000801019c00'
Event: 92.228 Thread 0x00000237a3414430 Unloading class 0x0000000801016400 'java/lang/invoke/LambdaForm$MH+0x0000000801016400'
Event: 92.228 Thread 0x00000237a3414430 Unloading class 0x0000000801013c00 'java/lang/invoke/LambdaForm$MH+0x0000000801013c00'

Classes redefined (0 events):
No events

Internal exceptions (20 events):
Event: 29.561 Thread 0x00000237942eae20 Exception <a 'java/lang/NoSuchMethodError'{0x00000000c2755668}: 'void java.lang.invoke.DirectMethodHandle$Holder.invokeSpecial(java.lang.Object, java.lang.Object, java.lang.Object, java.lang.Object, java.lang.Object, java.lang.Object, java.lang.Object)'> (0x00000000c2755668) 
thrown [s\open\src\hotspot\share\interpreter\linkResolver.cpp, line 773]
Event: 30.167 Thread 0x00000237942eae20 Exception <a 'java/lang/NoSuchMethodError'{0x00000000c24fd160}: 'java.lang.Object java.lang.invoke.DirectMethodHandle$Holder.invokeInterface(java.lang.Object, java.lang.Object, int)'> (0x00000000c24fd160) 
thrown [s\open\src\hotspot\share\interpreter\linkResolver.cpp, line 773]
Event: 30.177 Thread 0x00000237942eae20 Exception <a 'java/lang/IncompatibleClassChangeError'{0x00000000c230f530}: Found class java.lang.Object, but interface was expected> (0x00000000c230f530) 
thrown [s\open\src\hotspot\share\interpreter\linkResolver.cpp, line 840]
Event: 30.371 Thread 0x00000237942eae20 Exception <a 'java/lang/NoSuchMethodError'{0x00000000c2184d08}: 'java.lang.Object java.lang.invoke.DirectMethodHandle$Holder.invokeVirtual(java.lang.Object, java.lang.Object, java.lang.Object, java.lang.Object, java.lang.Object, java.lang.Object, java.lang.Object)'> (0x00000000c2184d08) 
thrown [s\open\src\hotspot\share\interpreter\linkResolver.cpp, line 773]
Event: 30.820 Thread 0x00000237942eae20 Exception <a 'java/lang/NoSuchMethodError'{0x00000000c1fd2908}: 'java.lang.Object java.lang.invoke.DirectMethodHandle$Holder.invokeVirtual(java.lang.Object, java.lang.Object, java.lang.Object, java.lang.Object, java.lang.Object, java.lang.Object, java.lang.Object, java.lang.Object)'> (0x00000000c1fd2908) 
thrown [s\open\src\hotspot\share\interpreter\linkResolver.cpp, line 773]
Event: 31.072 Thread 0x00000237942eae20 Exception <a 'java/lang/NoSuchMethodError'{0x00000000c4b15eb0}: 'java.lang.Object java.lang.invoke.DirectMethodHandle$Holder.newInvokeSpecial(java.lang.Object, java.lang.Object, int, java.lang.Object, java.lang.Object)'> (0x00000000c4b15eb0) 
thrown [s\open\src\hotspot\share\interpreter\linkResolver.cpp, line 773]
Event: 31.111 Thread 0x00000237942eae20 Exception <a 'java/lang/NoSuchMethodError'{0x00000000c4b27ce8}: 'java.lang.Object java.lang.invoke.DirectMethodHandle$Holder.invokeSpecial(java.lang.Object, java.lang.Object, int, java.lang.Object, int, java.lang.Object)'> (0x00000000c4b27ce8) 
thrown [s\open\src\hotspot\share\interpreter\linkResolver.cpp, line 773]
Event: 31.112 Thread 0x00000237942eae20 Exception <a 'java/lang/NoSuchMethodError'{0x00000000c4b2f808}: 'java.lang.Object java.lang.invoke.DirectMethodHandle$Holder.newInvokeSpecial(java.lang.Object, java.lang.Object, int, java.lang.Object, int)'> (0x00000000c4b2f808) 
thrown [s\open\src\hotspot\share\interpreter\linkResolver.cpp, line 773]
Event: 31.113 Thread 0x00000237942eae20 Exception <a 'java/lang/NoSuchMethodError'{0x00000000c4b33678}: 'java.lang.Object java.lang.invoke.DirectMethodHandle$Holder.invokeSpecial(java.lang.Object, java.lang.Object, java.lang.Object, int, java.lang.Object, int)'> (0x00000000c4b33678) 
thrown [s\open\src\hotspot\share\interpreter\linkResolver.cpp, line 773]
Event: 31.859 Thread 0x00000237a33f5730 Exception <a 'java/lang/IncompatibleClassChangeError'{0x00000000c4710468}: Found class java.lang.Object, but interface was expected> (0x00000000c4710468) 
thrown [s\open\src\hotspot\share\interpreter\linkResolver.cpp, line 840]
Event: 32.012 Thread 0x00000237a33f6c70 Exception <a 'java/lang/NoSuchMethodError'{0x00000000c4500ae8}: 'void java.lang.invoke.DirectMethodHandle$Holder.invokeSpecial(java.lang.Object, java.lang.Object, java.lang.Object, int)'> (0x00000000c4500ae8) 
thrown [s\open\src\hotspot\share\interpreter\linkResolver.cpp, line 773]
Event: 32.013 Thread 0x00000237a33f6c70 Exception <a 'java/lang/NoSuchMethodError'{0x00000000c45041a8}: 'void java.lang.invoke.DelegatingMethodHandle$Holder.reinvoke_L(java.lang.Object, java.lang.Object, int)'> (0x00000000c45041a8) 
thrown [s\open\src\hotspot\share\interpreter\linkResolver.cpp, line 773]
Event: 32.016 Thread 0x00000237a33f6c70 Exception <a 'java/lang/NoSuchMethodError'{0x00000000c450ab10}: 'int java.lang.invoke.Invokers$Holder.invokeExact_MT(java.lang.Object, java.lang.Object, java.lang.Object)'> (0x00000000c450ab10) 
thrown [s\open\src\hotspot\share\interpreter\linkResolver.cpp, line 773]
Event: 32.197 Thread 0x00000237a33f6c70 Exception <a 'java/lang/NoSuchMethodError'{0x00000000c44cfea8}: 'void java.lang.invoke.Invokers$Holder.invokeExact_MT(java.lang.Object, java.lang.Object, int, java.lang.Object)'> (0x00000000c44cfea8) 
thrown [s\open\src\hotspot\share\interpreter\linkResolver.cpp, line 773]
Event: 32.403 Thread 0x00000237a33f6c70 Exception <a 'java/lang/IncompatibleClassChangeError'{0x00000000c415a658}: Found class java.lang.Object, but interface was expected> (0x00000000c415a658) 
thrown [s\open\src\hotspot\share\interpreter\linkResolver.cpp, line 840]
Event: 32.529 Thread 0x00000237a33f6c70 Exception <a 'java/lang/NoSuchMethodError'{0x00000000c4190168}: 'java.lang.Object java.lang.invoke.DirectMethodHandle$Holder.invokeStatic(java.lang.Object, java.lang.Object, java.lang.Object, int, java.lang.Object, java.lang.Object)'> (0x00000000c4190168) 
thrown [s\open\src\hotspot\share\interpreter\linkResolver.cpp, line 773]
Event: 32.573 Thread 0x00000237a8eae060 Exception <a 'java/lang/NoSuchMethodError'{0x00000000c40cd850}: 'java.lang.Object java.lang.invoke.DirectMethodHandle$Holder.invokeStatic(java.lang.Object, int, java.lang.Object)'> (0x00000000c40cd850) 
thrown [s\open\src\hotspot\share\interpreter\linkResolver.cpp, line 773]
Event: 33.351 Thread 0x00000237a8eaeb00 Exception <a 'java/lang/NoSuchMethodError'{0x00000000c3a24138}: 'int java.lang.invoke.DirectMethodHandle$Holder.invokeStatic(java.lang.Object)'> (0x00000000c3a24138) 
thrown [s\open\src\hotspot\share\interpreter\linkResolver.cpp, line 773]
Event: 33.352 Thread 0x00000237a8eaeb00 Exception <a 'java/lang/NoSuchMethodError'{0x00000000c3a27468}: 'int java.lang.invoke.DirectMethodHandle$Holder.invokeStaticInit(java.lang.Object)'> (0x00000000c3a27468) 
thrown [s\open\src\hotspot\share\interpreter\linkResolver.cpp, line 773]
Event: 71.034 Thread 0x00000237a8dfe030 Exception <a 'java/lang/NoSuchMethodError'{0x00000000c5f94c60}: 'void java.lang.invoke.DirectMethodHandle$Holder.invokeStatic(java.lang.Object, long)'> (0x00000000c5f94c60) 
thrown [s\open\src\hotspot\share\interpreter\linkResolver.cpp, line 773]

VM Operations (20 events):
Event: 30.380 Executing VM operation: HandshakeAllThreads done
Event: 30.853 Executing VM operation: G1CollectForAllocation
Event: 30.870 Executing VM operation: G1CollectForAllocation done
Event: 30.884 Executing VM operation: HandshakeAllThreads
Event: 30.884 Executing VM operation: HandshakeAllThreads done
Event: 30.886 Executing VM operation: HandshakeAllThreads
Event: 30.886 Executing VM operation: HandshakeAllThreads done
Event: 31.888 Executing VM operation: Cleanup
Event: 31.904 Executing VM operation: Cleanup done
Event: 32.919 Executing VM operation: Cleanup
Event: 32.919 Executing VM operation: Cleanup done
Event: 71.036 Executing VM operation: HandshakeAllThreads
Event: 71.036 Executing VM operation: HandshakeAllThreads done
Event: 71.315 Executing VM operation: G1CollectFull
Event: 71.379 Executing VM operation: G1CollectFull done
Event: 81.712 Executing VM operation: G1CollectFull
Event: 81.763 Executing VM operation: G1CollectFull done
Event: 92.205 Executing VM operation: G1CollectFull
Event: 92.260 Executing VM operation: G1CollectFull done
Event: 102.613 Executing VM operation: G1CollectFull

Events (20 events):
Event: 71.354 Thread 0x00000237a3414430 flushing nmethod 0x000002379c559e90
Event: 71.354 Thread 0x00000237a3414430 flushing nmethod 0x000002379c55b490
Event: 71.354 Thread 0x00000237a3414430 flushing nmethod 0x000002379c557610
Event: 71.354 Thread 0x00000237a3414430 flushing nmethod 0x000002379c55a290
Event: 81.744 Thread 0x00000237a3414430 flushing nmethod 0x000002379cc0b690
Event: 81.744 Thread 0x00000237a3414430 flushing nmethod 0x000002379cb72590
Event: 81.744 Thread 0x00000237a3414430 flushing nmethod 0x000002379cb72190
Event: 81.744 Thread 0x00000237a3414430 flushing nmethod 0x000002379c9dd410
Event: 81.744 Thread 0x00000237a3414430 flushing nmethod 0x000002379c9b8f90
Event: 81.744 Thread 0x00000237a3414430 flushing nmethod 0x000002379c9a0710
Event: 81.744 Thread 0x00000237a3414430 flushing nmethod 0x000002379c995210
Event: 81.744 Thread 0x00000237a3414430 flushing nmethod 0x000002379c87f110
Event: 81.744 Thread 0x00000237a3414430 flushing nmethod 0x000002379c7b5790
Event: 81.744 Thread 0x00000237a3414430 flushing nmethod 0x000002379c791410
Event: 81.744 Thread 0x00000237a3414430 flushing nmethod 0x000002379c78e890
Event: 81.744 Thread 0x00000237a3414430 flushing nmethod 0x000002379c77f090
Event: 81.744 Thread 0x00000237a3414430 flushing nmethod 0x000002379c77df90
Event: 81.744 Thread 0x00000237a3414430 flushing nmethod 0x000002379c716910
Event: 81.744 Thread 0x00000237a3414430 flushing nmethod 0x000002379c64a690
Event: 81.744 Thread 0x00000237a3414430 flushing nmethod 0x000002379c538810


Dynamic libraries:
0x00007ff644600000 - 0x00007ff644610000 	C:\Program Files\Java\jdk-20\bin\java.exe
0x00007fff92300000 - 0x00007fff92563000 	C:\WINDOWS\SYSTEM32\ntdll.dll
0x00007fff912a0000 - 0x00007fff91368000 	C:\WINDOWS\System32\KERNEL32.DLL
0x00007fff8f8d0000 - 0x00007fff8fc82000 	C:\WINDOWS\System32\KERNELBASE.dll
0x00007fff8f780000 - 0x00007fff8f8cb000 	C:\WINDOWS\System32\ucrtbase.dll
0x00007fff85db0000 - 0x00007fff85dc9000 	C:\Program Files\Java\jdk-20\bin\jli.dll
0x00007fff90250000 - 0x00007fff90304000 	C:\WINDOWS\System32\ADVAPI32.dll
0x00007fff910f0000 - 0x00007fff91199000 	C:\WINDOWS\System32\msvcrt.dll
0x00007fff90e80000 - 0x00007fff90f26000 	C:\WINDOWS\System32\sechost.dll
0x00007fff90340000 - 0x00007fff90456000 	C:\WINDOWS\System32\RPCRT4.dll
0x00007fff90ae0000 - 0x00007fff90ca8000 	C:\WINDOWS\System32\USER32.dll
0x00007fff8fd30000 - 0x00007fff8fd57000 	C:\WINDOWS\System32\win32u.dll
0x00007fff90310000 - 0x00007fff9033a000 	C:\WINDOWS\System32\GDI32.dll
0x00007fff8fd60000 - 0x00007fff8fe8b000 	C:\WINDOWS\System32\gdi32full.dll
0x00007fff8f6d0000 - 0x00007fff8f773000 	C:\WINDOWS\System32\msvcp_win.dll
0x00007fff82d90000 - 0x00007fff82dab000 	C:\Program Files\Java\jdk-20\bin\VCRUNTIME140.dll
0x00007fff8e8f0000 - 0x00007fff8eb80000 	C:\WINDOWS\WinSxS\amd64_microsoft.windows.common-controls_6595b64144ccf1df_6.0.26100.2454_none_3e0b68a2e331ad60\COMCTL32.dll
0x00007fff84aa0000 - 0x00007fff84aab000 	C:\WINDOWS\SYSTEM32\VERSION.dll
0x00007fff90db0000 - 0x00007fff90ddf000 	C:\WINDOWS\System32\IMM32.DLL
0x00007fff8a080000 - 0x00007fff8a08c000 	C:\Program Files\Java\jdk-20\bin\vcruntime140_1.dll
0x00007fff7a230000 - 0x00007fff7a2be000 	C:\Program Files\Java\jdk-20\bin\msvcp140.dll
0x00007fff3ee10000 - 0x00007fff3faa7000 	C:\Program Files\Java\jdk-20\bin\server\jvm.dll
0x00007fff72150000 - 0x00007fff7215a000 	C:\WINDOWS\SYSTEM32\WSOCK32.dll
0x00007fff92240000 - 0x00007fff922b4000 	C:\WINDOWS\System32\WS2_32.dll
0x00007fff84a60000 - 0x00007fff84a96000 	C:\WINDOWS\SYSTEM32\WINMM.dll
0x00007fff8dbe0000 - 0x00007fff8dbfa000 	C:\WINDOWS\SYSTEM32\kernel.appcore.dll
0x00007fff805c0000 - 0x00007fff805ca000 	C:\Program Files\Java\jdk-20\bin\jimage.dll
0x00007fff8ee90000 - 0x00007fff8f0d1000 	C:\WINDOWS\SYSTEM32\DBGHELP.DLL
0x00007fff90600000 - 0x00007fff9097e000 	C:\WINDOWS\System32\combase.dll
0x00007fff90160000 - 0x00007fff90236000 	C:\WINDOWS\System32\OLEAUT32.dll
0x00007fff8ed50000 - 0x00007fff8ed89000 	C:\WINDOWS\SYSTEM32\dbgcore.DLL
0x00007fff8fc90000 - 0x00007fff8fd29000 	C:\WINDOWS\System32\bcryptPrimitives.dll
0x00007fff7a570000 - 0x00007fff7a596000 	C:\Program Files\Java\jdk-20\bin\java.dll
0x00007fff62ff0000 - 0x00007fff630c7000 	C:\Program Files\Java\jdk-20\bin\jsvml.dll
0x00007fff91940000 - 0x00007fff92040000 	C:\WINDOWS\System32\SHELL32.dll
0x00007fff8c9d0000 - 0x00007fff8d201000 	C:\WINDOWS\SYSTEM32\windows.storage.dll
0x00007fff911c0000 - 0x00007fff9129a000 	C:\WINDOWS\System32\SHCORE.dll
0x00007fff90990000 - 0x00007fff909ed000 	C:\WINDOWS\System32\shlwapi.dll
0x00007fff8f5e0000 - 0x00007fff8f60e000 	C:\WINDOWS\SYSTEM32\profapi.dll
0x00007fff79d40000 - 0x00007fff79d53000 	C:\Program Files\Java\jdk-20\bin\net.dll
0x00007fff84ed0000 - 0x00007fff84ff6000 	C:\WINDOWS\SYSTEM32\WINHTTP.dll
0x00007fff8e2c0000 - 0x00007fff8e328000 	C:\WINDOWS\system32\mswsock.dll
0x00007fff79cf0000 - 0x00007fff79d06000 	C:\Program Files\Java\jdk-20\bin\nio.dll
0x00007fff7a320000 - 0x00007fff7a338000 	C:\Program Files\Java\jdk-20\bin\zip.dll
0x00007fff8f200000 - 0x00007fff8f21c000 	C:\WINDOWS\SYSTEM32\CRYPTSP.dll
0x00007fff8dec0000 - 0x00007fff8def8000 	C:\WINDOWS\system32\rsaenh.dll
0x00007fff8e360000 - 0x00007fff8e38b000 	C:\WINDOWS\SYSTEM32\USERENV.dll
0x00007fff8ee60000 - 0x00007fff8ee86000 	C:\WINDOWS\SYSTEM32\bcrypt.dll
0x00007fff8e620000 - 0x00007fff8e62c000 	C:\WINDOWS\SYSTEM32\CRYPTBASE.dll
0x00007fff8d710000 - 0x00007fff8d742000 	C:\WINDOWS\SYSTEM32\IPHLPAPI.DLL
0x00007fff90e70000 - 0x00007fff90e7a000 	C:\WINDOWS\System32\NSI.dll
0x00007fff84cc0000 - 0x00007fff84cde000 	C:\WINDOWS\SYSTEM32\dhcpcsvc6.DLL
0x00007fff84c90000 - 0x00007fff84cb5000 	C:\WINDOWS\SYSTEM32\dhcpcsvc.DLL
0x00007fff8d750000 - 0x00007fff8d875000 	C:\WINDOWS\SYSTEM32\DNSAPI.dll
0x00007fff7c980000 - 0x00007fff7c990000 	C:\Program Files\Java\jdk-20\bin\verify.dll
0x00007fff89c20000 - 0x00007fff89c2a000 	C:\Program Files\Java\jdk-20\bin\management.dll
0x00007fff7a710000 - 0x00007fff7a71b000 	C:\Program Files\Java\jdk-20\bin\management_ext.dll
0x00007fff911b0000 - 0x00007fff911b8000 	C:\WINDOWS\System32\PSAPI.DLL

dbghelp: loaded successfully - version: 4.0.5 - missing functions: none
symbol engine: initialized successfully - sym options: 0x614 - pdb path: .;C:\Program Files\Java\jdk-20\bin;C:\WINDOWS\SYSTEM32;C:\WINDOWS\WinSxS\amd64_microsoft.windows.common-controls_6595b64144ccf1df_6.0.26100.2454_none_3e0b68a2e331ad60;C:\Program Files\Java\jdk-20\bin\server

VM Arguments:
jvm_args: -XX:+HeapDumpOnOutOfMemoryError -Xmx1024m -Dsts.lsp.client=vscode -Dsts.log.file=/dev/null -XX:TieredStopAtLevel=1 -Xlog:jni+resolve=off -Dspring.config.location=file:c:\Users\Asus\.vscode\extensions\vmware.vscode-spring-boot-1.52.2023121605\language-server\BOOT-INF\classes\application.properties 
java_command: org.springframework.ide.vscode.boot.app.BootLanguageServerBootApp
java_class_path (initial): c:\Users\Asus\.vscode\extensions\vmware.vscode-spring-boot-1.52.2023121605\language-server\BOOT-INF\classes;c:\Users\Asus\.vscode\extensions\vmware.vscode-spring-boot-1.52.2023121605\language-server\BOOT-INF\lib\annotations-24.1.0.jar;c:\Users\Asus\.vscode\extensions\vmware.vscode-spring-boot-1.52.2023121605\language-server\BOOT-INF\lib\antlr-runtime-3.5.3.jar;c:\Users\Asus\.vscode\extensions\vmware.vscode-spring-boot-1.52.2023121605\language-server\BOOT-INF\lib\antlr4-4.11.1.jar;c:\Users\Asus\.vscode\extensions\vmware.vscode-spring-boot-1.52.2023121605\language-server\BOOT-INF\lib\antlr4-runtime-4.11.1.jar;c:\Users\Asus\.vscode\extensions\vmware.vscode-spring-boot-1.52.2023121605\language-server\BOOT-INF\lib\asm-9.6.jar;c:\Users\Asus\.vscode\extensions\vmware.vscode-spring-boot-1.52.2023121605\language-server\BOOT-INF\lib\asm-analysis-9.6.jar;c:\Users\Asus\.vscode\extensions\vmware.vscode-spring-boot-1.52.2023121605\language-server\BOOT-INF\lib\asm-tree-9.6.jar;c:\Users\Asus\.vscode\extensions\vmware.vscode-spring-boot-1.52.2023121605\language-server\BOOT-INF\lib\asm-util-9.6.jar;c:\Users\Asus\.vscode\extensions\vmware.vscode-spring-boot-1.52.2023121605\language-server\BOOT-INF\lib\bosh-language-server-1.52.0-SNAPSHOT.jar;c:\Users\Asus\.vscode\extensions\vmware.vscode-spring-boot-1.52.2023121605\language-server\BOOT-INF\lib\caffeine-3.1.8.jar;c:\Users\Asus\.vscode\extensions\vmware.vscode-spring-boot-1.52.2023121605\language-server\BOOT-INF\lib\checker-qual-3.12.0.jar;c:\Users\Asus\.vscode\extensions\vmware.vscode-spring-boot-1.52.2023121605\language-server\BOOT-INF\lib\classgraph-4.8.149.jar;c:\Users\Asus\.vscode\extensions\vmware.vscode-spring-boot-1.52.2023121605\language-server\BOOT-INF\lib\commons-codec-1.15.jar;c:\Users\Asus\.vscode\extensions\vmware.vscode-spring-boot-1.52.2023121605\language-server\BOOT-INF\lib\commons-compress-1.25.0.jar;c:\Users\Asus\.vscode\extensions\vmware.vscode-spring-boot-1.52.2023121605\language-server\BOOT-INF\lib\commons-io-2.4.jar;c:\Users\Asus\.vscode\extensions\vmware.vscode-spring-boot-1.52.2023121605\language-server\BOOT-INF\lib\commons-java-1.52.0-SNAPSHOT.jar;c:\Users\Asus\.vscode\extensions\vmware.vscode-spring-boot-1.52.2023121605\language-server\BOOT-INF\lib\commons-lang3-3.12.0.jar;c:\Users\Asus\.vscode\extensions\vmware.vscode-spring-boot-1.52.2023121605\language-server\BOOT-INF\lib\commons-language-server-1.52.0-SNAPSHOT.jar;c:\Users\Asus\.vscode\extensions\vmware.vscode-spring-boot-1.52.2023121605\language-server\BOOT-INF\lib\commons-lsp-extensions-1.52.0-SNAPSHOT.jar;c:\Users\Asus\.vscode\extensions\vmware.vscode-spring-boot-1.52.2023121605\language-server\BOOT-INF\lib\commons-rewrite-1.52.0-SNAPSHOT.jar;c:\Users\Asus\.vscode\extensions\vmware.vscode-spring-boot-1.52.2023121605\language-server\BOOT-INF\lib\commons-text-1.11.0.jar;c:\Users\Asus\.vscode\extensions\vmware.vscode-spring-boot-1.52.2023121605\language-server\BOOT-INF\lib\commons-util-1.52.0-SNAPSHOT.jar;c:\Users\Asus\.vscode\extensions\vmware.vscode-spring-boot-1.52.2023121605\language-server\BOOT-INF\lib\commons-yaml-1.52.0-SNAPSHOT.jar;c:\Users\Asus\.vscode\extensions\vmware.vscode-spring-boot-1.52.2023121605\language-server\BOOT-INF\lib\ecj-3.33.0.jar;c:\Users\Asus\.vscode\extensions\vmware.vscode-spring-boot-1.52.2023121605\language-server\BOOT-INF\lib\error_prone_annotations-2.11.0.jar;c:\Users\Asus\.vscode\extensions\vmware.vscode-spring-boot-1.52.2023121605\language-server\BOOT-INF\lib\failureaccess-1.0.1.jar;c:\Users\Asus\.vscode\extensions\vmware.vscode-spring-boot-1.52.2023121605\language-server\BOOT-INF\lib\fastfilter-1.0.2.jar;c:\Users\Asus\.vscode\extensions\vmware.vscode-spring-boot-1.52.2023121605\language-server\BOOT-INF\lib\functionaljava-5.0.jar;c:\Users\Asus\.vscode\extensions\vmware.vscode-spring-boot-1.52.2023121605\language-server\BOOT-INF\lib\gizmo-1.0.11.Final.jar;c:\Users\Asus\.vscode\extensions\vmware.vscode-spring-boot-1.52.2023121605\language-server\BOOT-INF\lib\gradle-base-services-6.1.1.jar;c:\Users\Asus\.vscode\extensions\vmware.vscode-spring-boot-1.52.2023121605\language-server\BOOT-INF\lib\gradle-core-api-6.1.1.jar;c:\Users\Asus\.vscode\extensions\vmware.vscode-spring-boot-1.52.2023121605\language-server\BOOT-INF\lib\gradle-language-groovy-6.1.1.jar;c:\Users\Asus\.vscode\extensions\vmware.vscode-spring-boot-1.52.2023121605\language-server\BOOT-INF\lib\gradle-language-java-6.1.1.jar;c:\Users\Asus\.vscode\extensions\vmware.vscode-spring-boot-1.52.2023121605\language-server\BOOT-INF\lib\gradle-logging-6.1.1.jar;c:\Users\Asus\.vscode\extensions\vmware.vscode-spring-boot-1.52.2023121605\language-server\BOOT-INF\lib\gradle-messaging-6.1.1.jar;c:\Users\Asus\.vscode\extensions\vmware.vscode-spring-boot-1.52.2023121605\language-server\BOOT-INF\lib\gradle-native-6.1.1.jar;c:\Users\Asus\.vscode\extensions\vmware.vscode-spring-boot-1.52.2023121605\language-server\BOOT-INF\lib\gradle-process-services-6.1.1.jar;c:\Users\Asus\.vscode\extensions\vmware.vscode-spring-boot-1.52.2023121605\language-server\BOOT-INF\lib\gradle-resources-6.1.1.jar;c:\Users\Asus\.vscode\extensions\vmware.vscode-spring-boot-1.52.2023121605\language-server\BOOT-INF\lib\gradle-testing-base-6.1.1.jar;c:\Users\Asus\.vscode\extensions\vmware.vscode-spring-boot-1.52.2023121605\language-server\BOOT-INF\lib\gradle-testing-jvm-6.1.1.jar;c:\Users\Asus\.vscode\extensions\vmware.vscode-spring-boot-1.52.2023121605\language-server\BOOT-INF\lib\gradle-tooling-api-8.4.jar;c:\Users\Asus\.vscode\extensions\vmware.vscode-spring-boot-1.52.2023121605\language-server\BOOT-INF\lib\groovy-3.0.19.jar;c:\Users\Asus\.vscode\extensions\vmware.vscode-spring-boot-1.52.2023121605\language-server\BOOT-INF\lib\gson-2.10.1.jar;c:\Users\Asus\.vscode\extensions\vmware.vscode-spring-boot-1.52.2023121605\language-server\BOOT-INF\lib\guava-31.1-jre.jar;c:\Users\Asus\.vscode\extensions\vmware.vscode-spring-boot-1.52.2023121605\language-server\BOOT-INF\lib\HdrHistogram-2.1.12.jar;c:\Users\Asus\.vscode\extensions\vmware.vscode-spring-boot-1.52.2023121605\language-server\BOOT-INF\lib\icu4j-71.1.jar;c:\Users\Asus\.vscode\extensions\vmware.vscode-spring-boot-1.52.2023121605\language-server\BOOT-INF\lib\isorelax-20030108.jar;c:\Users\Asus\.vscode\extensions\vmware.vscode-spring-boot-1.52.2023121605\language-server\BOOT-INF\lib\j2objc-annotations-1.3.jar;c:\Users\Asus\.vscode\extensions\vmware.vscode-spring-boot-1.52.2023121605\language-server\BOOT-INF\lib\jackson-annotations-2.15.3.jar;c:\Users\Asus\.vscode\extensions\vmware.vscode-spring-boot-1.52.2023121605\language-server\BOOT-INF\lib\jackson-core-2.15.3.jar;c:\Users\Asus\.vscode\extensions\vmware.vscode-spring-boot-1.52.2023121605\language-server\BOOT-INF\lib\jackson-databind-2.15.3.jar;c:\Users\Asus\.vscode\extensions\vmware.vscode-spring-boot-1.52.2023121605\language-server\BOOT-INF\lib\jackson-dataformat-csv-2.15.3.jar;c:\Users\Asus\.vscode\extensions\vmware.vscode-spring-boot-1.52.2023121605\language-server\BOOT-INF\lib\jackson-dataformat-smile-2.15.3.jar;c:\Users\Asus\.vscode\extensions\vmware.vscode-spring-boot-1.52.2023121605\language-server\BOOT-INF\lib\jackson-dataformat-xml-2.15.3.jar;c:\Users\Asus\.vscode\extensions\vmware.vscode-spring-boot-1.52.2023121605\language-server\BOOT-INF\lib\jackson-datatype-jdk8-2.15.3.jar;c:\Users\Asus\.vscode\extensions\vmware.vscode-spring-boot-1.52.2023121605\language-server\BOOT-INF\lib\jackson-datatype-jsr310-2.15.3.jar;c:\Users\Asus\.vscode\extensions\vmware.vscode-spring-boot-1.52.2023121605\language-server\BOOT-INF\lib\jackson-module-jaxb-annotations-2.15.3.jar;c:\Users\Asus\.vscode\extensions\vmware.vscode-spring-boot-1.52.2023121605\language-server\BOOT-INF\lib\jackson-module-parameter-names-2.15.3.jar;c:\Users\Asus\.vscode\extensions\vmware.vscode-spring-boot-1.52.2023121605\language-server\BOOT-INF\lib\jakarta.activation-api-2.1.2.jar;c:\Users\Asus\.vscode\extensions\vmware.vscode-spring-boot-1.52.2023121605\language-server\BOOT-INF\lib\jakarta.annotation-api-2.1.1.jar;c:\Users\Asus\.vscode\extensions\vmware.vscode-spring-boot-1.52.2023121605\language-server\BOOT-INF\lib\jakarta.xml.bind-api-4.0.1.jar;c:\Users\Asus\.vscode\extensions\vmware.vscode-spring-boot-1.52.2023121605\language-server\BOOT-INF\lib\jandex-3.0.5.jar;c:\Users\Asus\.vscode\extensions\vmware.vscode-spring-boot-1.52.2023121605\language-server\BOOT-INF\lib\java-object-diff-0.95.jar;c:\Users\Asus\.vscode\extensions\vmware.vscode-spring-boot-1.52.2023121605\language-server\BOOT-INF\lib\java-object-diff-1.0.1.jar;c:\Users\Asus\.vscode\extensions\vmware.vscode-spring-boot-1.52.2023121605\language-server\BOOT-INF\lib\java-properties-1.52.0-SNAPSHOT.jar;c:\Users\Asus\.vscode\extensions\vmware.vscode-spring-boot-1.52.2023121605\language-server\BOOT-INF\lib\javax.activation-api-1.2.0.jar;c:\Users\Asus\.vscode\extensions\vmware.vscode-spring-boot-1.52.2023121605\language-server\BOOT-INF\lib\javax.inject-1.jar;c:\Users\Asus\.vscode\extensions\vmware.vscode-spring-boot-1.52.2023121605\language-server\BOOT-INF\lib\javax.json-1.1.4.jar;c:\Users\Asus\.vscode\extensions\vmware.vscode-spring-boot-1.52.2023121605\language-server\BOOT-INF\lib\javolution-core-java-6.0.0.jar;c:\Users\Asus\.vscode\extensions\vmware.vscode-spring-boot-1.52.2023121605\language-server\BOOT-INF\lib\jaxb-api-2.3.1.jar;c:\Users\Asus\.vscode\extensions\vmware.vscode-spring-boot-1.52.2023121605\language-server\BOOT-INF\lib\jing-20220510.jar;c:\Users\Asus\.vscode\extensions\vmware.vscode-spring-boot-1.52.2023121605\language-server\BOOT-INF\lib\jna-5.13.0.jar;c:\Users\Asus\.vscode\extensions\vmware.vscode-spring-boot-1.52.2023121605\language-server\BOOT-INF\lib\jna-platform-5.13.0.jar;c:\Users\Asus\.vscode\extensions\vmware.vscode-spring-boot-1.52.2023121605\language-server\BOOT-INF\lib\json-20231013.jar;c:\Users\Asus\.vscode\extensions\vmware.vscode-spring-boot-1.52.2023121605\language-server\BOOT-INF\lib\jsoup-1.14.2.jar;c:\Users\Asus\.vscode\extensions\vmware.vscode-spring-boot-1.52.2023121605\language-server\BOOT-INF\lib\jsr305-3.0.2.jar;c:\Users\Asus\.vscode\extensions\vmware.vscode-spring-boot-1.52.2023121605\language-server\BOOT-INF\lib\jul-to-slf4j-2.0.9.jar;c:\Users\Asus\.vscode\extensions\vmware.vscode-spring-boot-1.52.2023121605\language-server\BOOT-INF\lib\kotlin-compiler-embeddable-1.9.20.jar;c:\Users\Asus\.vscode\extensions\vmware.vscode-spring-boot-1.52.2023121605\language-server\BOOT-INF\lib\kotlin-daemon-embeddable-1.9.20.jar;c:\Users\Asus\.vscode\extensions\vmware.vscode-spring-boot-1.52.2023121605\language-server\BOOT-INF\lib\kotlin-reflect-1.9.20.jar;c:\Users\Asus\.vscode\extensions\vmware.vscode-spring-boot-1.52.2023121605\language-server\BOOT-INF\lib\kotlin-script-runtime-1.9.20.jar;c:\Users\Asus\.vscode\extensions\vmware.vscode-spring-boot-1.52.2023121605\language-server\BOOT-INF\lib\kotlin-stdlib-1.9.20.jar;c:\Users\Asus\.vscode\extensions\vmware.vscode-spring-boot-1.52.2023121605\language-server\BOOT-INF\lib\kotlin-stdlib-common-1.9.20.jar;c:\Users\Asus\.vscode\extensions\vmware.vscode-spring-boot-1.52.2023121605\language-server\BOOT-INF\lib\kotlin-stdlib-jdk7-1.9.20.jar;c:\Users\Asus\.vscode\extensions\vmware.vscode-spring-boot-1.52.2023121605\language-server\BOOT-INF\lib\kotlin-stdlib-jdk8-1.9.20.jar;c:\Users\Asus\.vscode\extensions\vmware.vscode-spring-boot-1.52.2023121605\language-server\BOOT-INF\lib\language-server-starter-1.52.0-SNAPSHOT.jar;c:\Users\Asus\.vscode\extensions\vmware.vscode-spring-boot-1.52.2023121605\language-server\BOOT-INF\lib\LatencyUtils-2.0.3.jar;c:\Users\Asus\.vscode\extensions\vmware.vscode-spring-boot-1.52.2023121605\language-server\BOOT-INF\lib\listenablefuture-9999.0-empty-to-avoid-conflict-with-guava.jar;c:\Users\Asus\.vscode\extensions\vmware.vscode-spring-boot-1.52.2023121605\language-server\BOOT-INF\lib\log4j-api-2.20.0.jar;c:\Users\Asus\.vscode\extensions\vmware.vscode-spring-boot-1.52.2023121605\language-server\BOOT-INF\lib\log4j-to-slf4j-2.20.0.jar;c:\Users\Asus\.vscode\extensions\vmware.vscode-spring-boot-1.52.2023121605\language-server\BOOT-INF\lib\logback-classic-1.4.11.jar;c:\Users\Asus\.vscode\extensions\vmware.vscode-spring-boot-1.52.2023121605\language-server\BOOT-INF\lib\logback-core-1.4.11.jar;c:\Users\Asus\.vscode\extensions\vmware.vscode-spring-boot-1.52.2023121605\language-server\BOOT-INF\lib\maven-shared-utils-3.2.1.jar;c:\Users\Asus\.vscode\extensions\vmware.vscode-spring-boot-1.52.2023121605\language-server\BOOT-INF\lib\micrometer-commons-1.11.5.jar;c:\Users\Asus\.vscode\extensions\vmware.vscode-spring-boot-1.52.2023121605\language-server\BOOT-INF\lib\micrometer-core-1.11.5.jar;c:\Users\Asus\.vscode\extensions\vmware.vscode-spring-boot-1.52.2023121605\language-server\BOOT-INF\lib\micrometer-observation-1.11.5.jar;c:\Users\Asus\.vscode\extensions\vmware.vscode-spring-boot-1.52.2023121605\language-server\BOOT-INF\lib\model-1.5.0.jar;c:\Users\Asus\.vscode\extensions\vmware.vscode-spring-boot-1.52.2023121605\language-server\BOOT-INF\lib\okhttp-4.10.0.jar;c:\Users\Asus\.vscode\extensions\vmware.vscode-spring-boot-1.52.2023121605\language-server\BOOT-INF\lib\okio-jvm-3.0.0.jar;c:\Users\Asus\.vscode\extensions\vmware.vscode-spring-boot-1.52.2023121605\language-server\BOOT-INF\lib\org.abego.treelayout.core-1.0.3.jar;c:\Users\Asus\.vscode\extensions\vmware.vscode-spring-boot-1.52.2023121605\language-server\BOOT-INF\lib\org.eclipse.core.commands-3.10.300.jar;c:\Users\Asus\.vscode\extensions\vmware.vscode-spring-boot-1.52.2023121605\language-server\BOOT-INF\lib\org.eclipse.core.contenttype-3.8.200.jar;c:\Users\Asus\.vscode\extensions\vmware.vscode-spring-boot-1.52.2023121605\language-server\BOOT-INF\lib\org.eclipse.core.expressions-3.8.200.jar;c:\Users\Asus\.vscode\extensions\vmware.vscode-spring-boot-1.52.2023121605\language-server\BOOT-INF\lib\org.eclipse.core.filesystem-1.9.500.jar;c:\Users\Asus\.vscode\extensions\vmware.vscode-spring-boot-1.52.2023121605\language-server\BOOT-INF\lib\org.eclipse.core.jobs-3.13.200.jar;c:\Users\Asus\.vscode\extensions\vmware.vscode-spring-boot-1.52.2023121605\language-server\BOOT-INF\lib\org.eclipse.core.resources-3.18.200.jar;c:\Users\Asus\.vscode\extensions\vmware.vscode-spring-boot-1.52.2023121605\language-server\BOOT-INF\lib\org.eclipse.core.runtime-3.26.100.jar;c:\Users\Asus\.vscode\extensions\vmware.vscode-spring-boot-1.52.2023121605\language-server\BOOT-INF\lib\org.eclipse.equinox.app-1.6.200.jar;c:\Users\Asus\.vscode\extensions\vmware.vscode-spring-boot-1.52.2023121605\language-server\BOOT-INF\lib\org.eclipse.equinox.common-3.18.200.jar;c:\Users\Asus\.vscode\extensions\vmware.vscode-spring-boot-1.52.2023121605\language-server\BOOT-INF\lib\org.eclipse.equinox.preferences-3.10.1.jar;c:\Users\Asus\.vscode\extensions\vmware.vscode-spring-boot-1.52.2023121605\language-server\BOOT-INF\lib\org.eclipse.equinox.registry-3.11.200.jar;c:\Users\Asus\.vscode\extensions\vmware.vscode-spring-boot-1.52.2023121605\language-server\BOOT-INF\lib\org.eclipse.jdt.core-3.33.0.jar;c:\Users\Asus\.vscode\extensions\vmware.vscode-spring-boot-1.52.2023121605\language-server\BOOT-INF\lib\org.eclipse.lemminx-0.24.0.jar;c:\Users\Asus\.vscode\extensions\vmware.vscode-spring-boot-1.52.2023121605\language-server\BOOT-INF\lib\org.eclipse.lsp4j-0.19.0.jar;c:\Users\Asus\.vscode\extensions\vmware.vscode-spring-boot-1.52.2023121605\language-server\BOOT-INF\lib\org.eclipse.lsp4j.generator-0.19.0.jar;c:\Users\Asus\.vscode\extensions\vmware.vscode-spring-boot-1.52.2023121605\language-server\BOOT-INF\lib\org.eclipse.lsp4j.jsonrpc-0.19.0.jar;c:\Users\Asus\.vscode\extensions\vmware.vscode-spring-boot-1.52.2023121605\language-server\BOOT-INF\lib\org.eclipse.osgi-3.18.300.jar;c:\Users\Asus\.vscode\extensions\vmware.vscode-spring-boot-1.52.2023121605\language-server\BOOT-INF\lib\org.eclipse.text-3.12.300.jar;c:\Users\Asus\.vscode\extensions\vmware.vscode-spring-boot-1.52.2023121605\language-server\BOOT-INF\lib\org.eclipse.xtend.lib-2.28.0.jar;c:\Users\Asus\.vscode\extensions\vmware.vscode-spring-boot-1.52.2023121605\language-server\BOOT-INF\lib\org.eclipse.xtend.lib.macro-2.28.0.jar;c:\Users\Asus\.vscode\extensions\vmware.vscode-spring-boot-1.52.2023121605\language-server\BOOT-INF\lib\org.eclipse.xtext.xbase.lib-2.28.0.jar;c:\Users\Asus\.vscode\extensions\vmware.vscode-spring-boot-1.52.2023121605\language-server\BOOT-INF\lib\org.json-1.0.0-SNAPSHOT.jar;c:\Users\Asus\.vscode\extensions\vmware.vscode-spring-boot-1.52.2023121605\language-server\BOOT-INF\lib\org.osgi.service.prefs-1.1.2.jar;c:\Users\Asus\.vscode\extensions\vmware.vscode-spring-boot-1.52.2023121605\language-server\BOOT-INF\lib\osgi.annotation-8.0.1.jar;c:\Users\Asus\.vscode\extensions\vmware.vscode-spring-boot-1.52.2023121605\language-server\BOOT-INF\lib\plexus-utils-3.2.1.jar;c:\Users\Asus\.vscode\extensions\vmware.vscode-spring-boot-1.52.2023121605\language-server\BOOT-INF\lib\reactive-streams-1.0.4.jar;c:\Users\Asus\.vscode\extensions\vmware.vscode-spring-boot-1.52.2023121605\language-server\BOOT-INF\lib\reactor-core-3.5.11.jar;c:\Users\Asus\.vscode\extensions\vmware.vscode-spring-boot-1.52.2023121605\language-server\BOOT-INF\lib\remark-1.0.0.jar;c:\Users\Asus\.vscode\extensions\vmware.vscode-spring-boot-1.52.2023121605\language-server\BOOT-INF\lib\resilience4j-core-1.7.0.jar;c:\Users\Asus\.vscode\extensions\vmware.vscode-spring-boot-1.52.2023121605\language-server\BOOT-INF\lib\resilience4j-retry-1.7.0.jar;c:\Users\Asus\.vscode\extensions\vmware.vscode-spring-boot-1.52.2023121605\language-server\BOOT-INF\lib\rewrite-analysis-2.1.0.jar;c:\Users\Asus\.vscode\extensions\vmware.vscode-spring-boot-1.52.2023121605\language-server\BOOT-INF\lib\rewrite-core-8.9.9.jar;c:\Users\Asus\.vscode\extensions\vmware.vscode-spring-boot-1.52.2023121605\language-server\BOOT-INF\lib\rewrite-github-actions-2.0.9.jar;c:\Users\Asus\.vscode\extensions\vmware.vscode-spring-boot-1.52.2023121605\language-server\BOOT-INF\lib\rewrite-gradle-8.9.9.jar;c:\Users\Asus\.vscode\extensions\vmware.vscode-spring-boot-1.52.2023121605\language-server\BOOT-INF\lib\rewrite-groovy-8.9.9.jar;c:\Users\Asus\.vscode\extensions\vmware.vscode-spring-boot-1.52.2023121605\language-server\BOOT-INF\lib\rewrite-hibernate-1.0.8.jar;c:\Users\Asus\.vscode\extensions\vmware.vscode-spring-boot-1.52.2023121605\language-server\BOOT-INF\lib\rewrite-java-11-8.9.9.jar;c:\Users\Asus\.vscode\extensions\vmware.vscode-spring-boot-1.52.2023121605\language-server\BOOT-INF\lib\rewrite-java-17-8.9.9.jar;c:\Users\Asus\.vscode\extensions\vmware.vscode-spring-boot-1.52.2023121605\language-server\BOOT-INF\lib\rewrite-java-21-8.9.9.jar;c:\Users\Asus\.vscode\extensions\vmware.vscode-spring-boot-1.52.2023121605\language-server\BOOT-INF\lib\rewrite-java-8-8.9.9.jar;c:\Users\Asus\.vscode\extensions\vmware.vscode-spring-boot-1.52.2023121605\language-server\BOOT-INF\lib\rewrite-java-8.9.9.jar;c:\Users\Asus\.vscode\extensions\vmware.vscode-spring-boot-1.52.2023121605\language-server\BOOT-INF\lib\rewrite-java-dependencies-1.2.3.jar;c:\Users\Asus\.vscode\extensions\vmware.vscode-spring-boot-1.52.2023121605\language-server\BOOT-INF\lib\rewrite-kotlin-1.7.7.jar;c:\Users\Asus\.vscode\extensions\vmware.vscode-spring-boot-1.52.2023121605\language-server\BOOT-INF\lib\rewrite-maven-8.9.9.jar;c:\Users\Asus\.vscode\extensions\vmware.vscode-spring-boot-1.52.2023121605\language-server\BOOT-INF\lib\rewrite-migrate-java-2.4.0.jar;c:\Users\Asus\.vscode\extensions\vmware.vscode-spring-boot-1.52.2023121605\language-server\BOOT-INF\lib\rewrite-properties-8.9.9.jar;c:\Users\Asus\.vscode\extensions\vmware.vscode-spring-boot-1.52.2023121605\language-server\BOOT-INF\lib\rewrite-spring-5.1.4.jar;c:\Users\Asus\.vscode\extensions\vmware.vscode-spring-boot-1.52.2023121605\language-server\BOOT-INF\lib\rewrite-static-analysis-1.1.0.jar;c:\Users\Asus\.vscode\extensions\vmware.vscode-spring-boot-1.52.2023121605\language-server\BOOT-INF\lib\rewrite-templating-1.3.4.jar;c:\Users\Asus\.vscode\extensions\vmware.vscode-spring-boot-1.52.2023121605\language-server\BOOT-INF\lib\rewrite-testing-frameworks-2.1.1.jar;c:\Users\Asus\.vscode\extensions\vmware.vscode-spring-boot-1.52.2023121605\language-server\BOOT-INF\lib\rewrite-xml-8.9.9.jar;c:\Users\Asus\.vscode\extensions\vmware.vscode-spring-boot-1.52.2023121605\language-server\BOOT-INF\lib\rewrite-yaml-8.9.9.jar;c:\Users\Asus\.vscode\extensions\vmware.vscode-spring-boot-1.52.2023121605\language-server\BOOT-INF\lib\slf4j-api-2.0.9.jar;c:\Users\Asus\.vscode\extensions\vmware.vscode-spring-boot-1.52.2023121605\language-server\BOOT-INF\lib\snakeyaml-1.33.jar;c:\Users\Asus\.vscode\extensions\vmware.vscode-spring-boot-1.52.2023121605\language-server\BOOT-INF\lib\snappy-java-1.1.10.5.jar;c:\Users\Asus\.vscode\extensions\vmware.vscode-spring-boot-1.52.2023121605\language-server\BOOT-INF\lib\spring-aop-6.0.13.jar;c:\Users\Asus\.vscode\extensions\vmware.vscode-spring-boot-1.52.2023121605\language-server\BOOT-INF\lib\spring-beans-6.0.13.jar;c:\Users\Asus\.vscode\extensions\vmware.vscode-spring-boot-1.52.2023121605\language-server\BOOT-INF\lib\spring-boot-3.1.5.jar;c:\Users\Asus\.vscode\extensions\vmware.vscode-spring-boot-1.52.2023121605\language-server\BOOT-INF\lib\spring-boot-autoconfigure-3.1.5.jar;c:\Users\Asus\.vscode\extensions\vmware.vscode-spring-boot-1.52.2023121605\language-server\BOOT-INF\lib\spring-boot-jarmode-layertools-3.1.5.jar;c:\Users\Asus\.vscode\extensions\vmware.vscode-spring-boot-1.52.2023121605\language-server\BOOT-INF\lib\spring-context-6.0.13.jar;c:\Users\Asus\.vscode\extensions\vmware.vscode-spring-boot-1.52.2023121605\language-server\BOOT-INF\lib\spring-context-indexer-6.0.13.jar;c:\Users\Asus\.vscode\extensions\vmware.vscode-spring-boot-1.52.2023121605\language-server\BOOT-INF\lib\spring-core-6.0.13.jar;c:\Users\Asus\.vscode\extensions\vmware.vscode-spring-boot-1.52.2023121605\language-server\BOOT-INF\lib\spring-expression-6.0.13.jar;c:\Users\Asus\.vscode\extensions\vmware.vscode-spring-boot-1.52.2023121605\language-server\BOOT-INF\lib\spring-jcl-6.0.13.jar;c:\Users\Asus\.vscode\extensions\vmware.vscode-spring-boot-1.52.2023121605\language-server\BOOT-INF\lib\spring-web-6.0.13.jar;c:\Users\Asus\.vscode\extensions\vmware.vscode-spring-boot-1.52.2023121605\language-server\BOOT-INF\lib\ST4-4.3.4.jar;c:\Users\Asus\.vscode\extensions\vmware.vscode-spring-boot-1.52.2023121605\language-server\BOOT-INF\lib\stax2-api-4.2.1.jar;c:\Users\Asus\.vscode\extensions\vmware.vscode-spring-boot-1.52.2023121605\language-server\BOOT-INF\lib\trove4j-1.0.20200330.jar;c:\Users\Asus\.vscode\extensions\vmware.vscode-spring-boot-1.52.2023121605\language-server\BOOT-INF\lib\vavr-0.10.2.jar;c:\Users\Asus\.vscode\extensions\vmware.vscode-spring-boot-1.52.2023121605\language-server\BOOT-INF\lib\vavr-match-0.10.2.jar;c:\Users\Asus\.vscode\extensions\vmware.vscode-spring-boot-1.52.2023121605\language-server\BOOT-INF\lib\woodstox-core-6.5.1.jar;c:\Users\Asus\.vscode\extensions\vmware.vscode-spring-boot-1.52.2023121605\language-server\BOOT-INF\lib\xercesImpl-2.12.2.jar;c:\Users\Asus\.vscode\extensions\vmware.vscode-spring-boot-1.52.2023121605\language-server\BOOT-INF\lib\xml-apis-1.4.01.jar;c:\Users\Asus\.vscode\extensions\vmware.vscode-spring-boot-1.52.2023121605\language-server\BOOT-INF\lib\xml-resolver-1.2.jar
Launcher Type: SUN_STANDARD

[Global flags]
     intx CICompilerCount                          = 3                                         {product} {ergonomic}
     uint ConcGCThreads                            = 1                                         {product} {ergonomic}
     uint G1ConcRefinementThreads                  = 4                                         {product} {ergonomic}
   size_t G1HeapRegionSize                         = 1048576                                   {product} {ergonomic}
    uintx GCDrainStackTargetSize                   = 64                                        {product} {ergonomic}
     bool HeapDumpOnOutOfMemoryError               = true                                   {manageable} {command line}
   size_t InitialHeapSize                          = 100663296                                 {product} {ergonomic}
   size_t MarkStackSize                            = 4194304                                   {product} {ergonomic}
   size_t MaxHeapSize                              = 1073741824                                {product} {command line}
   size_t MaxNewSize                               = 643825664                                 {product} {ergonomic}
   size_t MinHeapDeltaBytes                        = 1048576                                   {product} {ergonomic}
   size_t MinHeapSize                              = 8388608                                   {product} {ergonomic}
    uintx NonProfiledCodeHeapSize                  = 0                                      {pd product} {ergonomic}
     bool ProfileInterpreter                       = false                                  {pd product} {command line}
    uintx ProfiledCodeHeapSize                     = 0                                      {pd product} {ergonomic}
   size_t SoftMaxHeapSize                          = 1073741824                             {manageable} {ergonomic}
     intx TieredStopAtLevel                        = 1                                         {product} {command line}
     bool UseCompressedClassPointers               = true                           {product lp64_product} {ergonomic}
     bool UseCompressedOops                        = true                           {product lp64_product} {ergonomic}
     bool UseG1GC                                  = true                                      {product} {ergonomic}
     bool UseLargePagesIndividualAllocation        = false                                  {pd product} {ergonomic}

Logging:
Log output configuration:
 #0: stdout all=warning,jni+resolve=off uptime,level,tags foldmultilines=false
 #1: stderr all=off uptime,level,tags foldmultilines=false

Environment Variables:
JAVA_HOME=C:\Program Files\Java\jdk-20
CLASSPATH=C:\Program Files\Java\jdk-20\lib
PATH=C:\Program Files\Common Files\Oracle\Java\javapath;C:\WINDOWS\system32;C:\WINDOWS;C:\WINDOWS\System32\Wbem;C:\WINDOWS\System32\WindowsPowerShell\v1.0\;C:\WINDOWS\System32\OpenSSH\;C:\MinGW\bin;C:\Program Files\nodejs\;C:\ProgramData\chocolatey\bin;C:\Program Files\dotnet\;C:\Program Files\Go\bin;C:\Program Files (x86)\Go\bin;C:\Program Files\Git\cmd;C:\flutter\bin;C:\Program Files (x86)\Microsoft Visual Studio\2022\Community\VC\Auxiliary\Build;C:\Program Files (x86)\Windows Kits\10\Windows Performance Toolkit\;C:\Program Files\MySQL\MySQL Server 8.0\bin;C:\flutter\bin\flutter.bat;C:\Users\Asus\AppData\Local\Programs\Microsoft VS Code\bin;%USERPROFILE%\AppData\Local\Microsoft\WindowsApps;
USERNAME=Asus
OS=Windows_NT
PROCESSOR_IDENTIFIER=AMD64 Family 23 Model 24 Stepping 1, AuthenticAMD
TMP=C:\Users\Asus\AppData\Local\Temp
TEMP=C:\Users\Asus\AppData\Local\Temp




---------------  S Y S T E M  ---------------

OS:
 Windows 11 , 64 bit Build 26100 (10.0.26100.2454)
OS uptime: 13 days 10:25 hours

CPU: total 4 (initial active 4) (4 cores per cpu, 2 threads per core) family 23 model 24 stepping 1 microcode 0x8108109, cx8, cmov, fxsr, ht, mmx, 3dnowpref, sse, sse2, sse3, ssse3, sse4a, sse4.1, sse4.2, popcnt, lzcnt, tsc, tscinvbit, avx, avx2, aes, clmul, bmi1, bmi2, adx, sha, fma, vzeroupper, clflush, clflushopt, rdtscp, f16c

Memory: 4k page, system-wide physical 6093M (478M free)
TotalPageFile size 24525M (AvailPageFile size 2M)
current process WorkingSet (physical memory assigned to process): 133M, peak: 154M
current process commit charge ("private bytes"): 203M, peak: 208M

vm_info: Java HotSpot(TM) 64-Bit Server VM (20+36-2344) for windows-amd64 JRE (20+36-2344), built on 2023-02-10T19:30:15Z by "mach5one" with MS VC++ 17.1 (VS2022)

END.
